<?xml version="1.0" encoding="UTF-8"?>
<testng-results ignored="0" total="0" passed="0" failed="0" skipped="0">
  <reporter-output>
  </reporter-output>
  <suite started-at="2022-10-23T20:15:52 IST" name="com.facebook.listners.TestNgListners" finished-at="2022-10-23T20:15:52 IST" duration-ms="16">
    <groups>
    </groups>
    <test started-at="2022-10-23T20:15:52 IST" name="Command line test" finished-at="2022-10-23T20:15:52 IST" duration-ms="16">
    </test> <!-- Command line test -->
  </suite> <!-- com.facebook.listners.TestNgListners -->
</testng-results>
