<?xml version="1.0" encoding="UTF-8"?>
<testng-results ignored="0" total="1" passed="1" failed="0" skipped="0">
  <reporter-output>
  </reporter-output>
  <suite started-at="2022-10-08T12:49:11 IST" name="Suite" finished-at="2022-10-08T12:49:20 IST" duration-ms="9007">
    <groups>
    </groups>
    <test started-at="2022-10-08T12:49:11 IST" name="Test" finished-at="2022-10-08T12:49:20 IST" duration-ms="9007">
      <class name="com.facebook.tests.TCLoginPage001">
        <test-method is-config="true" signature="setUp(java.lang.String)[pri:0, instance:com.facebook.tests.TCLoginPage001@6a6cb05c]" started-at="2022-10-08T12:49:11 IST" name="setUp" finished-at="2022-10-08T12:49:20 IST" duration-ms="8388" status="PASS">
          <params>
            <param index="0">
              <value>
                <![CDATA[chrome]]>
              </value>
            </param>
          </params>
          <reporter-output>
          </reporter-output>
        </test-method> <!-- setUp -->
        <test-method signature="LoginPageValidation()[pri:0, instance:com.facebook.tests.TCLoginPage001@6a6cb05c]" started-at="2022-10-08T12:49:20 IST" name="LoginPageValidation" finished-at="2022-10-08T12:49:20 IST" duration-ms="248" status="PASS">
          <reporter-output>
          </reporter-output>
        </test-method> <!-- LoginPageValidation -->
        <test-method is-config="true" signature="teardown()[pri:0, instance:com.facebook.tests.TCLoginPage001@6a6cb05c]" started-at="2022-10-08T12:49:20 IST" name="teardown" finished-at="2022-10-08T12:49:20 IST" duration-ms="328" status="PASS">
          <reporter-output>
          </reporter-output>
        </test-method> <!-- teardown -->
      </class> <!-- com.facebook.tests.TCLoginPage001 -->
    </test> <!-- Test -->
  </suite> <!-- Suite -->
</testng-results>
